<?xml version="1.0" encoding="UTF-8"?>
<testsuite xmlns:xsi="http://www.w3.org/2001/XMLSchema-instance" xsi:noNamespaceSchemaLocation="https://maven.apache.org/surefire/maven-surefire-plugin/xsd/surefire-test-report.xsd" name="cucumber.Options.TestRunner" time="22.799" tests="2" errors="2" skipped="0" failures="0">
  <properties>
[...]
</properties>
  <testcase name="Verify if placed is being Succesffuly added using AddPlaceAPI" classname="Validating Place API&apos;s" time="20.887">
    <error message="rahulshettyacademy.com" type="java.net.UnknownHostException">java.net.UnknownHostException: rahulshettyacademy.com
</error>
    <system-out><![CDATA[maps/api/place/add/json
]]></system-out>
  </testcase>
  <testcase name="verify if delete place Functionality is working" classname="Validating Place API&apos;s" time="0.038">
    <error message="rahulshettyacademy.com" type="java.net.UnknownHostException">java.net.UnknownHostException: rahulshettyacademy.com
</error>
    <system-out><![CDATA[maps/api/place/add/json
]]></system-out>
  </testcase>
</testsuite>